This file contains any messages produced by compilers while
running configure, to aid debugging if configure makes a mistake.

It was created by configure, which was
generated by GNU Autoconf 2.69.  Invocation command line was

  $ ./configure CFLAGS=-I/usr/lib/emboss/include -I/usr/lib/emboss/include/epcre -I/usr/lib/emboss/include/eplplot

## --------- ##
## Platform. ##
## --------- ##

hostname = alientop
uname -m = x86_64
uname -r = 3.8.0-30-generic
uname -s = Linux
uname -v = #44-Ubuntu SMP Thu Aug 22 20:52:24 UTC 2013

/usr/bin/uname -p = unknown
/bin/uname -X     = unknown

/bin/arch              = unknown
/usr/bin/arch -k       = unknown
/usr/convex/getsysinfo = unknown
/usr/bin/hostinfo      = unknown
/bin/machine           = unknown
/usr/bin/oslevel       = unknown
/bin/universe          = unknown

PATH: /usr/lib/lightdm/lightdm
PATH: /usr/local/sbin
PATH: /usr/local/bin
PATH: /usr/sbin
PATH: /usr/bin
PATH: /sbin
PATH: /bin
PATH: /usr/games
PATH: /usr/local/games


## ----------- ##
## Core tests. ##
## ----------- ##

configure:2369: checking for a BSD-compatible install
configure:2437: result: /usr/bin/install -c
configure:2448: checking whether build environment is sane
configure:2498: result: yes
configure:2639: checking for a thread-safe mkdir -p
configure:2678: result: /bin/mkdir -p
configure:2691: checking for gawk
configure:2707: found /usr/bin/gawk
configure:2718: result: gawk
configure:2729: checking whether make sets $(MAKE)
configure:2751: result: yes
configure:2836: checking for gawk
configure:2863: result: gawk
configure:2923: checking for gcc
configure:2939: found /usr/bin/gcc
configure:2950: result: gcc
configure:3179: checking for C compiler version
configure:3188: gcc --version >&5
gcc (Ubuntu/Linaro 4.7.3-1ubuntu1) 4.7.3
Copyright (C) 2012 Free Software Foundation, Inc.
This is free software; see the source for copying conditions.  There is NO
warranty; not even for MERCHANTABILITY or FITNESS FOR A PARTICULAR PURPOSE.

configure:3199: $? = 0
configure:3188: gcc -v >&5
Using built-in specs.
COLLECT_GCC=gcc
COLLECT_LTO_WRAPPER=/usr/lib/gcc/x86_64-linux-gnu/4.7/lto-wrapper
Target: x86_64-linux-gnu
Configured with: ../src/configure -v --with-pkgversion='Ubuntu/Linaro 4.7.3-1ubuntu1' --with-bugurl=file:///usr/share/doc/gcc-4.7/README.Bugs --enable-languages=c,c++,go,fortran,objc,obj-c++ --prefix=/usr --program-suffix=-4.7 --enable-shared --enable-linker-build-id --libexecdir=/usr/lib --without-included-gettext --enable-threads=posix --with-gxx-include-dir=/usr/include/c++/4.7 --libdir=/usr/lib --enable-nls --with-sysroot=/ --enable-clocale=gnu --enable-libstdcxx-debug --enable-libstdcxx-time=yes --enable-gnu-unique-object --enable-plugin --with-system-zlib --enable-objc-gc --with-cloog --enable-cloog-backend=ppl --disable-cloog-version-check --disable-ppl-version-check --enable-multiarch --disable-werror --with-arch-32=i686 --with-abi=m64 --with-multilib-list=m32,m64,mx32 --with-tune=generic --enable-checking=release --build=x86_64-linux-gnu --host=x86_64-linux-gnu --target=x86_64-linux-gnu
Thread model: posix
gcc version 4.7.3 (Ubuntu/Linaro 4.7.3-1ubuntu1) 
configure:3199: $? = 0
configure:3188: gcc -V >&5
gcc: error: unrecognized command line option '-V'
gcc: fatal error: no input files
compilation terminated.
configure:3199: $? = 4
configure:3188: gcc -qversion >&5
gcc: error: unrecognized command line option '-qversion'
gcc: fatal error: no input files
compilation terminated.
configure:3199: $? = 4
configure:3219: checking whether the C compiler works
configure:3241: gcc -I/usr/lib/emboss/include -I/usr/lib/emboss/include/epcre -I/usr/lib/emboss/include/eplplot    conftest.c  >&5
configure:3245: $? = 0
configure:3293: result: yes
configure:3296: checking for C compiler default output file name
configure:3298: result: a.out
configure:3304: checking for suffix of executables
configure:3311: gcc -o conftest -I/usr/lib/emboss/include -I/usr/lib/emboss/include/epcre -I/usr/lib/emboss/include/eplplot    conftest.c  >&5
configure:3315: $? = 0
configure:3337: result: 
configure:3359: checking whether we are cross compiling
configure:3367: gcc -o conftest -I/usr/lib/emboss/include -I/usr/lib/emboss/include/epcre -I/usr/lib/emboss/include/eplplot    conftest.c  >&5
configure:3371: $? = 0
configure:3378: ./conftest
configure:3382: $? = 0
configure:3397: result: no
configure:3402: checking for suffix of object files
configure:3424: gcc -c -I/usr/lib/emboss/include -I/usr/lib/emboss/include/epcre -I/usr/lib/emboss/include/eplplot   conftest.c >&5
configure:3428: $? = 0
configure:3449: result: o
configure:3453: checking whether we are using the GNU C compiler
configure:3472: gcc -c -I/usr/lib/emboss/include -I/usr/lib/emboss/include/epcre -I/usr/lib/emboss/include/eplplot   conftest.c >&5
configure:3472: $? = 0
configure:3481: result: yes
configure:3490: checking whether gcc accepts -g
configure:3510: gcc -c -g  conftest.c >&5
configure:3510: $? = 0
configure:3551: result: yes
configure:3568: checking for gcc option to accept ISO C89
configure:3631: gcc  -c -I/usr/lib/emboss/include -I/usr/lib/emboss/include/epcre -I/usr/lib/emboss/include/eplplot   conftest.c >&5
configure:3631: $? = 0
configure:3644: result: none needed
configure:3675: checking for style of include used by make
configure:3703: result: GNU
configure:3729: checking dependency style of gcc
configure:3840: result: gcc3
configure:3860: checking how to run the C preprocessor
configure:3891: gcc -E  conftest.c
configure:3891: $? = 0
configure:3905: gcc -E  conftest.c
conftest.c:11:28: fatal error: ac_nonexistent.h: No such file or directory
compilation terminated.
configure:3905: $? = 1
configure: failed program was:
| /* confdefs.h */
| #define PACKAGE_NAME ""
| #define PACKAGE_TARNAME ""
| #define PACKAGE_VERSION ""
| #define PACKAGE_STRING ""
| #define PACKAGE_BUGREPORT ""
| #define PACKAGE_URL ""
| #define PACKAGE "PARA2"
| #define VERSION "0.0.1"
| /* end confdefs.h.  */
| #include <ac_nonexistent.h>
configure:3930: result: gcc -E
configure:3950: gcc -E  conftest.c
configure:3950: $? = 0
configure:3964: gcc -E  conftest.c
conftest.c:11:28: fatal error: ac_nonexistent.h: No such file or directory
compilation terminated.
configure:3964: $? = 1
configure: failed program was:
| /* confdefs.h */
| #define PACKAGE_NAME ""
| #define PACKAGE_TARNAME ""
| #define PACKAGE_VERSION ""
| #define PACKAGE_STRING ""
| #define PACKAGE_BUGREPORT ""
| #define PACKAGE_URL ""
| #define PACKAGE "PARA2"
| #define VERSION "0.0.1"
| /* end confdefs.h.  */
| #include <ac_nonexistent.h>
configure:3994: checking if gcc supports OpenMP
configure:4028: result: yes
configure:4248: checking for gmp.h
configure:4257: gcc -c -I/usr/lib/emboss/include -I/usr/lib/emboss/include/epcre -I/usr/lib/emboss/include/eplplot  -fopenmp -O2  conftest.c >&5
configure:4257: $? = 0
configure:4258: result: yes
configure:4344: checking for recent GMP
configure:4356: gcc -c -I/usr/lib/emboss/include -I/usr/lib/emboss/include/epcre -I/usr/lib/emboss/include/eplplot  -fopenmp -O2  conftest.c >&5
configure:4356: $? = 0
configure:4357: result: yes
configure:4368: checking for gmp internal files
configure:4371: checking for grep that handles long lines and -e
configure:4429: result: /bin/grep
configure:4434: checking for egrep
configure:4496: result: /bin/grep -E
configure:4501: checking for ANSI C header files
configure:4521: gcc -c -I/usr/lib/emboss/include -I/usr/lib/emboss/include/epcre -I/usr/lib/emboss/include/eplplot  -fopenmp -O2  conftest.c >&5
configure:4521: $? = 0
configure:4594: gcc -o conftest -I/usr/lib/emboss/include -I/usr/lib/emboss/include/epcre -I/usr/lib/emboss/include/eplplot  -fopenmp -O2   conftest.c  >&5
configure:4594: $? = 0
configure:4594: ./conftest
configure:4594: $? = 0
configure:4605: result: yes
configure:4618: checking for sys/types.h
configure:4618: gcc -c -I/usr/lib/emboss/include -I/usr/lib/emboss/include/epcre -I/usr/lib/emboss/include/eplplot  -fopenmp -O2  conftest.c >&5
configure:4618: $? = 0
configure:4618: result: yes
configure:4618: checking for sys/stat.h
configure:4618: gcc -c -I/usr/lib/emboss/include -I/usr/lib/emboss/include/epcre -I/usr/lib/emboss/include/eplplot  -fopenmp -O2  conftest.c >&5
configure:4618: $? = 0
configure:4618: result: yes
configure:4618: checking for stdlib.h
configure:4618: gcc -c -I/usr/lib/emboss/include -I/usr/lib/emboss/include/epcre -I/usr/lib/emboss/include/eplplot  -fopenmp -O2  conftest.c >&5
configure:4618: $? = 0
configure:4618: result: yes
configure:4618: checking for string.h
configure:4618: gcc -c -I/usr/lib/emboss/include -I/usr/lib/emboss/include/epcre -I/usr/lib/emboss/include/eplplot  -fopenmp -O2  conftest.c >&5
configure:4618: $? = 0
configure:4618: result: yes
configure:4618: checking for memory.h
configure:4618: gcc -c -I/usr/lib/emboss/include -I/usr/lib/emboss/include/epcre -I/usr/lib/emboss/include/eplplot  -fopenmp -O2  conftest.c >&5
configure:4618: $? = 0
configure:4618: result: yes
configure:4618: checking for strings.h
configure:4618: gcc -c -I/usr/lib/emboss/include -I/usr/lib/emboss/include/epcre -I/usr/lib/emboss/include/eplplot  -fopenmp -O2  conftest.c >&5
configure:4618: $? = 0
configure:4618: result: yes
configure:4618: checking for inttypes.h
configure:4618: gcc -c -I/usr/lib/emboss/include -I/usr/lib/emboss/include/epcre -I/usr/lib/emboss/include/eplplot  -fopenmp -O2  conftest.c >&5
configure:4618: $? = 0
configure:4618: result: yes
configure:4618: checking for stdint.h
configure:4618: gcc -c -I/usr/lib/emboss/include -I/usr/lib/emboss/include/epcre -I/usr/lib/emboss/include/eplplot  -fopenmp -O2  conftest.c >&5
configure:4618: $? = 0
configure:4618: result: yes
configure:4618: checking for unistd.h
configure:4618: gcc -c -I/usr/lib/emboss/include -I/usr/lib/emboss/include/epcre -I/usr/lib/emboss/include/eplplot  -fopenmp -O2  conftest.c >&5
configure:4618: $? = 0
configure:4618: result: yes
configure:4630: checking for size_t
configure:4630: gcc -c -I/usr/lib/emboss/include -I/usr/lib/emboss/include/epcre -I/usr/lib/emboss/include/eplplot  -fopenmp -O2  conftest.c >&5
configure:4630: $? = 0
configure:4630: gcc -c -I/usr/lib/emboss/include -I/usr/lib/emboss/include/epcre -I/usr/lib/emboss/include/eplplot  -fopenmp -O2  conftest.c >&5
conftest.c: In function 'main':
conftest.c:57:21: error: expected expression before ')' token
configure:4630: $? = 1
configure: failed program was:
| /* confdefs.h */
| #define PACKAGE_NAME ""
| #define PACKAGE_TARNAME ""
| #define PACKAGE_VERSION ""
| #define PACKAGE_STRING ""
| #define PACKAGE_BUGREPORT ""
| #define PACKAGE_URL ""
| #define PACKAGE "PARA2"
| #define VERSION "0.0.1"
| #define STDC_HEADERS 1
| #define HAVE_SYS_TYPES_H 1
| #define HAVE_SYS_STAT_H 1
| #define HAVE_STDLIB_H 1
| #define HAVE_STRING_H 1
| #define HAVE_MEMORY_H 1
| #define HAVE_STRINGS_H 1
| #define HAVE_INTTYPES_H 1
| #define HAVE_STDINT_H 1
| #define HAVE_UNISTD_H 1
| /* end confdefs.h.  */
| #include <stdio.h>
| #ifdef HAVE_SYS_TYPES_H
| # include <sys/types.h>
| #endif
| #ifdef HAVE_SYS_STAT_H
| # include <sys/stat.h>
| #endif
| #ifdef STDC_HEADERS
| # include <stdlib.h>
| # include <stddef.h>
| #else
| # ifdef HAVE_STDLIB_H
| #  include <stdlib.h>
| # endif
| #endif
| #ifdef HAVE_STRING_H
| # if !defined STDC_HEADERS && defined HAVE_MEMORY_H
| #  include <memory.h>
| # endif
| # include <string.h>
| #endif
| #ifdef HAVE_STRINGS_H
| # include <strings.h>
| #endif
| #ifdef HAVE_INTTYPES_H
| # include <inttypes.h>
| #endif
| #ifdef HAVE_STDINT_H
| # include <stdint.h>
| #endif
| #ifdef HAVE_UNISTD_H
| # include <unistd.h>
| #endif
| int
| main ()
| {
| if (sizeof ((size_t)))
| 	    return 0;
|   ;
|   return 0;
| }
configure:4630: result: yes
configure:4649: gcc -c -I/usr/lib/emboss/include -I/usr/lib/emboss/include/epcre -I/usr/lib/emboss/include/eplplot  -fopenmp -O2  conftest.c >&5
conftest.c:23:22: fatal error: gmp-impl.h: No such file or directory
compilation terminated.
configure:4649: $? = 1
configure: failed program was:
| /* confdefs.h */
| #define PACKAGE_NAME ""
| #define PACKAGE_TARNAME ""
| #define PACKAGE_VERSION ""
| #define PACKAGE_STRING ""
| #define PACKAGE_BUGREPORT ""
| #define PACKAGE_URL ""
| #define PACKAGE "PARA2"
| #define VERSION "0.0.1"
| #define STDC_HEADERS 1
| #define HAVE_SYS_TYPES_H 1
| #define HAVE_SYS_STAT_H 1
| #define HAVE_STDLIB_H 1
| #define HAVE_STRING_H 1
| #define HAVE_MEMORY_H 1
| #define HAVE_STRINGS_H 1
| #define HAVE_INTTYPES_H 1
| #define HAVE_STDINT_H 1
| #define HAVE_UNISTD_H 1
| /* end confdefs.h.  */
| 
| #include "gmp.h"
| #include "gmp-impl.h"
| #include "longlong.h"
| 
configure:4660: result: no
configure:4664: checking for working alloca.h
configure:4681: gcc -o conftest -I/usr/lib/emboss/include -I/usr/lib/emboss/include/epcre -I/usr/lib/emboss/include/eplplot  -fopenmp -O2   conftest.c  >&5
configure:4681: $? = 0
configure:4689: result: yes
configure:4697: checking for alloca
configure:4734: gcc -o conftest -I/usr/lib/emboss/include -I/usr/lib/emboss/include/epcre -I/usr/lib/emboss/include/eplplot  -fopenmp -O2   conftest.c  >&5
configure:4734: $? = 0
configure:4742: result: yes
configure:4898: checking if gmp.h version and libgmp version are the same
configure:4932: gcc -o conftest -I/usr/lib/emboss/include -I/usr/lib/emboss/include/epcre -I/usr/lib/emboss/include/eplplot  -fopenmp -O2   conftest.c  >&5
/tmp/ccElEnhX.o: In function `main':
conftest.c:(.text.startup+0x41): undefined reference to `__gmp_version'
collect2: error: ld returned 1 exit status
configure:4932: $? = 1
configure: program exited with status 1
configure: failed program was:
| /* confdefs.h */
| #define PACKAGE_NAME ""
| #define PACKAGE_TARNAME ""
| #define PACKAGE_VERSION ""
| #define PACKAGE_STRING ""
| #define PACKAGE_BUGREPORT ""
| #define PACKAGE_URL ""
| #define PACKAGE "PARA2"
| #define VERSION "0.0.1"
| #define STDC_HEADERS 1
| #define HAVE_SYS_TYPES_H 1
| #define HAVE_SYS_STAT_H 1
| #define HAVE_STDLIB_H 1
| #define HAVE_STRING_H 1
| #define HAVE_MEMORY_H 1
| #define HAVE_STRINGS_H 1
| #define HAVE_INTTYPES_H 1
| #define HAVE_STDINT_H 1
| #define HAVE_UNISTD_H 1
| #define HAVE_ALLOCA_H 1
| #define HAVE_ALLOCA 1
| /* end confdefs.h.  */
| 
| #include <stdio.h>
| #include <string.h>
| #include "gmp.h"
| 
| int
| main ()
| {
| 
|   char buffer[100];
|   if (__GNU_MP_VERSION_PATCHLEVEL != 0)
|     sprintf (buffer, "%d.%d.%d", __GNU_MP_VERSION, __GNU_MP_VERSION_MINOR,
|             __GNU_MP_VERSION_PATCHLEVEL);
|   else
|     sprintf (buffer, "%d.%d", __GNU_MP_VERSION, __GNU_MP_VERSION_MINOR);
|   printf ("(%s/%s) ", buffer, gmp_version);
|   return (strcmp (buffer, gmp_version) != 0) ? 1 : 0;
| 
|   ;
|   return 0;
| }
configure:4936: result: no
configure:4938: WARNING: 'gmp.h' and 'libgmp' seems to have different versions or
configure:4940: WARNING: we cannot run a program linked with GMP (if you cannot
configure:4942: WARNING: see the version numbers above).
configure:4944: WARNING: However since we can't use 'libtool' inside the configure,
configure:4946: WARNING: we can't be sure. See 'config.log' for details.
configure:4963: checking whether byte ordering is bigendian
configure:4978: gcc -c -I/usr/lib/emboss/include -I/usr/lib/emboss/include/epcre -I/usr/lib/emboss/include/eplplot  -fopenmp -O2  conftest.c >&5
conftest.c:24:9: error: unknown type name 'not'
conftest.c:24:15: error: expected '=', ',', ';', 'asm' or '__attribute__' before 'universal'
conftest.c:24:15: error: unknown type name 'universal'
configure:4978: $? = 1
configure: failed program was:
| /* confdefs.h */
| #define PACKAGE_NAME ""
| #define PACKAGE_TARNAME ""
| #define PACKAGE_VERSION ""
| #define PACKAGE_STRING ""
| #define PACKAGE_BUGREPORT ""
| #define PACKAGE_URL ""
| #define PACKAGE "PARA2"
| #define VERSION "0.0.1"
| #define STDC_HEADERS 1
| #define HAVE_SYS_TYPES_H 1
| #define HAVE_SYS_STAT_H 1
| #define HAVE_STDLIB_H 1
| #define HAVE_STRING_H 1
| #define HAVE_MEMORY_H 1
| #define HAVE_STRINGS_H 1
| #define HAVE_INTTYPES_H 1
| #define HAVE_STDINT_H 1
| #define HAVE_UNISTD_H 1
| #define HAVE_ALLOCA_H 1
| #define HAVE_ALLOCA 1
| /* end confdefs.h.  */
| #ifndef __APPLE_CC__
| 	       not a universal capable compiler
| 	     #endif
| 	     typedef int dummy;
| 
configure:5023: gcc -c -I/usr/lib/emboss/include -I/usr/lib/emboss/include/epcre -I/usr/lib/emboss/include/eplplot  -fopenmp -O2  conftest.c >&5
configure:5023: $? = 0
configure:5041: gcc -c -I/usr/lib/emboss/include -I/usr/lib/emboss/include/epcre -I/usr/lib/emboss/include/eplplot  -fopenmp -O2  conftest.c >&5
conftest.c: In function 'main':
conftest.c:30:4: error: unknown type name 'not'
conftest.c:30:12: error: expected '=', ',', ';', 'asm' or '__attribute__' before 'endian'
configure:5041: $? = 1
configure: failed program was:
| /* confdefs.h */
| #define PACKAGE_NAME ""
| #define PACKAGE_TARNAME ""
| #define PACKAGE_VERSION ""
| #define PACKAGE_STRING ""
| #define PACKAGE_BUGREPORT ""
| #define PACKAGE_URL ""
| #define PACKAGE "PARA2"
| #define VERSION "0.0.1"
| #define STDC_HEADERS 1
| #define HAVE_SYS_TYPES_H 1
| #define HAVE_SYS_STAT_H 1
| #define HAVE_STDLIB_H 1
| #define HAVE_STRING_H 1
| #define HAVE_MEMORY_H 1
| #define HAVE_STRINGS_H 1
| #define HAVE_INTTYPES_H 1
| #define HAVE_STDINT_H 1
| #define HAVE_UNISTD_H 1
| #define HAVE_ALLOCA_H 1
| #define HAVE_ALLOCA 1
| /* end confdefs.h.  */
| #include <sys/types.h>
| 		#include <sys/param.h>
| 
| int
| main ()
| {
| #if BYTE_ORDER != BIG_ENDIAN
| 		 not big endian
| 		#endif
| 
|   ;
|   return 0;
| }
configure:5169: result: no
configure:5265: checking for g++
configure:5281: found /usr/bin/g++
configure:5292: result: g++
configure:5319: checking for C++ compiler version
configure:5328: g++ --version >&5
g++ (Ubuntu/Linaro 4.7.3-1ubuntu1) 4.7.3
Copyright (C) 2012 Free Software Foundation, Inc.
This is free software; see the source for copying conditions.  There is NO
warranty; not even for MERCHANTABILITY or FITNESS FOR A PARTICULAR PURPOSE.

configure:5339: $? = 0
configure:5328: g++ -v >&5
Using built-in specs.
COLLECT_GCC=g++
COLLECT_LTO_WRAPPER=/usr/lib/gcc/x86_64-linux-gnu/4.7/lto-wrapper
Target: x86_64-linux-gnu
Configured with: ../src/configure -v --with-pkgversion='Ubuntu/Linaro 4.7.3-1ubuntu1' --with-bugurl=file:///usr/share/doc/gcc-4.7/README.Bugs --enable-languages=c,c++,go,fortran,objc,obj-c++ --prefix=/usr --program-suffix=-4.7 --enable-shared --enable-linker-build-id --libexecdir=/usr/lib --without-included-gettext --enable-threads=posix --with-gxx-include-dir=/usr/include/c++/4.7 --libdir=/usr/lib --enable-nls --with-sysroot=/ --enable-clocale=gnu --enable-libstdcxx-debug --enable-libstdcxx-time=yes --enable-gnu-unique-object --enable-plugin --with-system-zlib --enable-objc-gc --with-cloog --enable-cloog-backend=ppl --disable-cloog-version-check --disable-ppl-version-check --enable-multiarch --disable-werror --with-arch-32=i686 --with-abi=m64 --with-multilib-list=m32,m64,mx32 --with-tune=generic --enable-checking=release --build=x86_64-linux-gnu --host=x86_64-linux-gnu --target=x86_64-linux-gnu
Thread model: posix
gcc version 4.7.3 (Ubuntu/Linaro 4.7.3-1ubuntu1) 
configure:5339: $? = 0
configure:5328: g++ -V >&5
g++: error: unrecognized command line option '-V'
g++: fatal error: no input files
compilation terminated.
configure:5339: $? = 4
configure:5328: g++ -qversion >&5
g++: error: unrecognized command line option '-qversion'
g++: fatal error: no input files
compilation terminated.
configure:5339: $? = 4
configure:5343: checking whether we are using the GNU C++ compiler
configure:5362: g++ -c   -DLENDIAN conftest.cpp >&5
configure:5362: $? = 0
configure:5371: result: yes
configure:5380: checking whether g++ accepts -g
configure:5400: g++ -c -g  -DLENDIAN conftest.cpp >&5
configure:5400: $? = 0
configure:5441: result: yes
configure:5466: checking dependency style of g++
configure:5577: result: gcc3
configure:5593: checking whether ln -s works
configure:5597: result: yes
configure:5604: checking whether make sets $(MAKE)
configure:5626: result: yes
configure:5678: checking for ranlib
configure:5694: found /usr/bin/ranlib
configure:5705: result: ranlib
configure:5728: checking for X
configure:5836: gcc -E  -DLENDIAN conftest.c
configure:5836: $? = 0
configure:5867: gcc -o conftest -I/usr/lib/emboss/include -I/usr/lib/emboss/include/epcre -I/usr/lib/emboss/include/eplplot  -fopenmp -O2  -DLENDIAN  conftest.c -lX11  >&5
configure:5867: $? = 0
configure:5917: result: libraries , headers 
configure:6016: gcc -o conftest -I/usr/lib/emboss/include -I/usr/lib/emboss/include/epcre -I/usr/lib/emboss/include/eplplot  -fopenmp -O2  -DLENDIAN  conftest.c   -lX11 >&5
configure:6016: $? = 0
configure:6114: checking for gethostbyname
configure:6114: gcc -o conftest -I/usr/lib/emboss/include -I/usr/lib/emboss/include/epcre -I/usr/lib/emboss/include/eplplot  -fopenmp -O2  -DLENDIAN  conftest.c  >&5
configure:6114: $? = 0
configure:6114: result: yes
configure:6211: checking for connect
configure:6211: gcc -o conftest -I/usr/lib/emboss/include -I/usr/lib/emboss/include/epcre -I/usr/lib/emboss/include/eplplot  -fopenmp -O2  -DLENDIAN  conftest.c  >&5
configure:6211: $? = 0
configure:6211: result: yes
configure:6260: checking for remove
configure:6260: gcc -o conftest -I/usr/lib/emboss/include -I/usr/lib/emboss/include/epcre -I/usr/lib/emboss/include/eplplot  -fopenmp -O2  -DLENDIAN  conftest.c  >&5
configure:6260: $? = 0
configure:6260: result: yes
configure:6309: checking for shmat
configure:6309: gcc -o conftest -I/usr/lib/emboss/include -I/usr/lib/emboss/include/epcre -I/usr/lib/emboss/include/eplplot  -fopenmp -O2  -DLENDIAN  conftest.c  >&5
configure:6309: $? = 0
configure:6309: result: yes
configure:6367: checking for IceConnectionNumber in -lICE
configure:6392: gcc -o conftest -I/usr/lib/emboss/include -I/usr/lib/emboss/include/epcre -I/usr/lib/emboss/include/eplplot  -fopenmp -O2  -DLENDIAN  conftest.c -lICE   >&5
configure:6392: $? = 0
configure:6401: result: yes
configure:6414: checking for dirent.h that defines DIR
configure:6433: gcc -c -I/usr/lib/emboss/include -I/usr/lib/emboss/include/epcre -I/usr/lib/emboss/include/eplplot  -fopenmp -O2  -DLENDIAN conftest.c >&5
configure:6433: $? = 0
configure:6441: result: yes
configure:6454: checking for library containing opendir
configure:6485: gcc -o conftest -I/usr/lib/emboss/include -I/usr/lib/emboss/include/epcre -I/usr/lib/emboss/include/eplplot  -fopenmp -O2  -DLENDIAN  conftest.c  >&5
configure:6485: $? = 0
configure:6502: result: none required
configure:6569: checking for ANSI C header files
configure:6673: result: yes
configure:6684: checking for unistd.h
configure:6684: result: yes
configure:6695: checking for an ANSI C-conforming const
configure:6761: gcc -c -I/usr/lib/emboss/include -I/usr/lib/emboss/include/epcre -I/usr/lib/emboss/include/eplplot  -fopenmp -O2  -DLENDIAN conftest.c >&5
configure:6761: $? = 0
configure:6768: result: yes
configure:6776: checking for pid_t
configure:6776: gcc -c -I/usr/lib/emboss/include -I/usr/lib/emboss/include/epcre -I/usr/lib/emboss/include/eplplot  -fopenmp -O2  -DLENDIAN conftest.c >&5
configure:6776: $? = 0
configure:6776: gcc -c -I/usr/lib/emboss/include -I/usr/lib/emboss/include/epcre -I/usr/lib/emboss/include/eplplot  -fopenmp -O2  -DLENDIAN conftest.c >&5
conftest.c: In function 'main':
conftest.c:62:20: error: expected expression before ')' token
configure:6776: $? = 1
configure: failed program was:
| /* confdefs.h */
| #define PACKAGE_NAME ""
| #define PACKAGE_TARNAME ""
| #define PACKAGE_VERSION ""
| #define PACKAGE_STRING ""
| #define PACKAGE_BUGREPORT ""
| #define PACKAGE_URL ""
| #define PACKAGE "PARA2"
| #define VERSION "0.0.1"
| #define STDC_HEADERS 1
| #define HAVE_SYS_TYPES_H 1
| #define HAVE_SYS_STAT_H 1
| #define HAVE_STDLIB_H 1
| #define HAVE_STRING_H 1
| #define HAVE_MEMORY_H 1
| #define HAVE_STRINGS_H 1
| #define HAVE_INTTYPES_H 1
| #define HAVE_STDINT_H 1
| #define HAVE_UNISTD_H 1
| #define HAVE_ALLOCA_H 1
| #define HAVE_ALLOCA 1
| #define HAVE_DIRENT_H 1
| #define STDC_HEADERS 1
| #define HAVE_UNISTD_H 1
| /* end confdefs.h.  */
| #include <stdio.h>
| #ifdef HAVE_SYS_TYPES_H
| # include <sys/types.h>
| #endif
| #ifdef HAVE_SYS_STAT_H
| # include <sys/stat.h>
| #endif
| #ifdef STDC_HEADERS
| # include <stdlib.h>
| # include <stddef.h>
| #else
| # ifdef HAVE_STDLIB_H
| #  include <stdlib.h>
| # endif
| #endif
| #ifdef HAVE_STRING_H
| # if !defined STDC_HEADERS && defined HAVE_MEMORY_H
| #  include <memory.h>
| # endif
| # include <string.h>
| #endif
| #ifdef HAVE_STRINGS_H
| # include <strings.h>
| #endif
| #ifdef HAVE_INTTYPES_H
| # include <inttypes.h>
| #endif
| #ifdef HAVE_STDINT_H
| # include <stdint.h>
| #endif
| #ifdef HAVE_UNISTD_H
| # include <unistd.h>
| #endif
| int
| main ()
| {
| if (sizeof ((pid_t)))
| 	    return 0;
|   ;
|   return 0;
| }
configure:6776: result: yes
configure:6787: checking for size_t
configure:6787: result: yes
configure:6798: checking whether struct tm is in sys/time.h or time.h
configure:6818: gcc -c -I/usr/lib/emboss/include -I/usr/lib/emboss/include/epcre -I/usr/lib/emboss/include/eplplot  -fopenmp -O2  -DLENDIAN conftest.c >&5
configure:6818: $? = 0
configure:6825: result: time.h
configure:6834: checking whether getpgrp requires zero arguments
configure:6851: gcc -c -I/usr/lib/emboss/include -I/usr/lib/emboss/include/epcre -I/usr/lib/emboss/include/eplplot  -fopenmp -O2  -DLENDIAN conftest.c >&5
conftest.c: In function 'main':
conftest.c:62:1: error: too many arguments to function 'getpgrp'
In file included from conftest.c:57:0:
/usr/include/unistd.h:636:16: note: declared here
configure:6851: $? = 1
configure: failed program was:
| /* confdefs.h */
| #define PACKAGE_NAME ""
| #define PACKAGE_TARNAME ""
| #define PACKAGE_VERSION ""
| #define PACKAGE_STRING ""
| #define PACKAGE_BUGREPORT ""
| #define PACKAGE_URL ""
| #define PACKAGE "PARA2"
| #define VERSION "0.0.1"
| #define STDC_HEADERS 1
| #define HAVE_SYS_TYPES_H 1
| #define HAVE_SYS_STAT_H 1
| #define HAVE_STDLIB_H 1
| #define HAVE_STRING_H 1
| #define HAVE_MEMORY_H 1
| #define HAVE_STRINGS_H 1
| #define HAVE_INTTYPES_H 1
| #define HAVE_STDINT_H 1
| #define HAVE_UNISTD_H 1
| #define HAVE_ALLOCA_H 1
| #define HAVE_ALLOCA 1
| #define HAVE_DIRENT_H 1
| #define STDC_HEADERS 1
| #define HAVE_UNISTD_H 1
| /* end confdefs.h.  */
| #include <stdio.h>
| #ifdef HAVE_SYS_TYPES_H
| # include <sys/types.h>
| #endif
| #ifdef HAVE_SYS_STAT_H
| # include <sys/stat.h>
| #endif
| #ifdef STDC_HEADERS
| # include <stdlib.h>
| # include <stddef.h>
| #else
| # ifdef HAVE_STDLIB_H
| #  include <stdlib.h>
| # endif
| #endif
| #ifdef HAVE_STRING_H
| # if !defined STDC_HEADERS && defined HAVE_MEMORY_H
| #  include <memory.h>
| # endif
| # include <string.h>
| #endif
| #ifdef HAVE_STRINGS_H
| # include <strings.h>
| #endif
| #ifdef HAVE_INTTYPES_H
| # include <inttypes.h>
| #endif
| #ifdef HAVE_STDINT_H
| # include <stdint.h>
| #endif
| #ifdef HAVE_UNISTD_H
| # include <unistd.h>
| #endif
| int
| main ()
| {
| getpgrp (0);
|   ;
|   return 0;
| }
configure:6859: result: yes
configure:6869: checking for strftime
configure:6869: gcc -o conftest -I/usr/lib/emboss/include -I/usr/lib/emboss/include/epcre -I/usr/lib/emboss/include/eplplot  -fopenmp -O2  -DLENDIAN  conftest.c  >&5
conftest.c:50:6: warning: conflicting types for built-in function 'strftime' [enabled by default]
configure:6869: $? = 0
configure:6869: result: yes
configure:6924: checking vfork.h usability
configure:6924: gcc -c -I/usr/lib/emboss/include -I/usr/lib/emboss/include/epcre -I/usr/lib/emboss/include/eplplot  -fopenmp -O2  -DLENDIAN conftest.c >&5
conftest.c:61:19: fatal error: vfork.h: No such file or directory
compilation terminated.
configure:6924: $? = 1
configure: failed program was:
| /* confdefs.h */
| #define PACKAGE_NAME ""
| #define PACKAGE_TARNAME ""
| #define PACKAGE_VERSION ""
| #define PACKAGE_STRING ""
| #define PACKAGE_BUGREPORT ""
| #define PACKAGE_URL ""
| #define PACKAGE "PARA2"
| #define VERSION "0.0.1"
| #define STDC_HEADERS 1
| #define HAVE_SYS_TYPES_H 1
| #define HAVE_SYS_STAT_H 1
| #define HAVE_STDLIB_H 1
| #define HAVE_STRING_H 1
| #define HAVE_MEMORY_H 1
| #define HAVE_STRINGS_H 1
| #define HAVE_INTTYPES_H 1
| #define HAVE_STDINT_H 1
| #define HAVE_UNISTD_H 1
| #define HAVE_ALLOCA_H 1
| #define HAVE_ALLOCA 1
| #define HAVE_DIRENT_H 1
| #define STDC_HEADERS 1
| #define HAVE_UNISTD_H 1
| #define GETPGRP_VOID 1
| #define HAVE_STRFTIME 1
| /* end confdefs.h.  */
| #include <stdio.h>
| #ifdef HAVE_SYS_TYPES_H
| # include <sys/types.h>
| #endif
| #ifdef HAVE_SYS_STAT_H
| # include <sys/stat.h>
| #endif
| #ifdef STDC_HEADERS
| # include <stdlib.h>
| # include <stddef.h>
| #else
| # ifdef HAVE_STDLIB_H
| #  include <stdlib.h>
| # endif
| #endif
| #ifdef HAVE_STRING_H
| # if !defined STDC_HEADERS && defined HAVE_MEMORY_H
| #  include <memory.h>
| # endif
| # include <string.h>
| #endif
| #ifdef HAVE_STRINGS_H
| # include <strings.h>
| #endif
| #ifdef HAVE_INTTYPES_H
| # include <inttypes.h>
| #endif
| #ifdef HAVE_STDINT_H
| # include <stdint.h>
| #endif
| #ifdef HAVE_UNISTD_H
| # include <unistd.h>
| #endif
| #include <vfork.h>
configure:6924: result: no
configure:6924: checking vfork.h presence
configure:6924: gcc -E  -DLENDIAN conftest.c
conftest.c:28:19: fatal error: vfork.h: No such file or directory
compilation terminated.
configure:6924: $? = 1
configure: failed program was:
| /* confdefs.h */
| #define PACKAGE_NAME ""
| #define PACKAGE_TARNAME ""
| #define PACKAGE_VERSION ""
| #define PACKAGE_STRING ""
| #define PACKAGE_BUGREPORT ""
| #define PACKAGE_URL ""
| #define PACKAGE "PARA2"
| #define VERSION "0.0.1"
| #define STDC_HEADERS 1
| #define HAVE_SYS_TYPES_H 1
| #define HAVE_SYS_STAT_H 1
| #define HAVE_STDLIB_H 1
| #define HAVE_STRING_H 1
| #define HAVE_MEMORY_H 1
| #define HAVE_STRINGS_H 1
| #define HAVE_INTTYPES_H 1
| #define HAVE_STDINT_H 1
| #define HAVE_UNISTD_H 1
| #define HAVE_ALLOCA_H 1
| #define HAVE_ALLOCA 1
| #define HAVE_DIRENT_H 1
| #define STDC_HEADERS 1
| #define HAVE_UNISTD_H 1
| #define GETPGRP_VOID 1
| #define HAVE_STRFTIME 1
| /* end confdefs.h.  */
| #include <vfork.h>
configure:6924: result: no
configure:6924: checking for vfork.h
configure:6924: result: no
configure:6937: checking for fork
configure:6937: gcc -o conftest -I/usr/lib/emboss/include -I/usr/lib/emboss/include/epcre -I/usr/lib/emboss/include/eplplot  -fopenmp -O2  -DLENDIAN  conftest.c  >&5
conftest.c:51:6: warning: conflicting types for built-in function 'fork' [enabled by default]
configure:6937: $? = 0
configure:6937: result: yes
configure:6937: checking for vfork
configure:6937: gcc -o conftest -I/usr/lib/emboss/include -I/usr/lib/emboss/include/epcre -I/usr/lib/emboss/include/eplplot  -fopenmp -O2  -DLENDIAN  conftest.c  >&5
configure:6937: $? = 0
configure:6937: result: yes
configure:6947: checking for working fork
configure:6969: gcc -o conftest -I/usr/lib/emboss/include -I/usr/lib/emboss/include/epcre -I/usr/lib/emboss/include/eplplot  -fopenmp -O2  -DLENDIAN  conftest.c  >&5
configure:6969: $? = 0
configure:6969: ./conftest
configure:6969: $? = 0
configure:6979: result: yes
configure:7000: checking for working vfork
configure:7110: result: yes
configure:7137: checking for vprintf
configure:7137: gcc -o conftest -I/usr/lib/emboss/include -I/usr/lib/emboss/include/epcre -I/usr/lib/emboss/include/eplplot  -fopenmp -O2  -DLENDIAN  conftest.c  >&5
conftest.c:55:6: warning: conflicting types for built-in function 'vprintf' [enabled by default]
configure:7137: $? = 0
configure:7137: result: yes
configure:7143: checking for _doprnt
configure:7143: gcc -o conftest -I/usr/lib/emboss/include -I/usr/lib/emboss/include/epcre -I/usr/lib/emboss/include/eplplot  -fopenmp -O2  -DLENDIAN  conftest.c  >&5
/tmp/ccxtiOv5.o: In function `main':
conftest.c:(.text.startup+0x7): undefined reference to `_doprnt'
collect2: error: ld returned 1 exit status
configure:7143: $? = 1
configure: failed program was:
| /* confdefs.h */
| #define PACKAGE_NAME ""
| #define PACKAGE_TARNAME ""
| #define PACKAGE_VERSION ""
| #define PACKAGE_STRING ""
| #define PACKAGE_BUGREPORT ""
| #define PACKAGE_URL ""
| #define PACKAGE "PARA2"
| #define VERSION "0.0.1"
| #define STDC_HEADERS 1
| #define HAVE_SYS_TYPES_H 1
| #define HAVE_SYS_STAT_H 1
| #define HAVE_STDLIB_H 1
| #define HAVE_STRING_H 1
| #define HAVE_MEMORY_H 1
| #define HAVE_STRINGS_H 1
| #define HAVE_INTTYPES_H 1
| #define HAVE_STDINT_H 1
| #define HAVE_UNISTD_H 1
| #define HAVE_ALLOCA_H 1
| #define HAVE_ALLOCA 1
| #define HAVE_DIRENT_H 1
| #define STDC_HEADERS 1
| #define HAVE_UNISTD_H 1
| #define GETPGRP_VOID 1
| #define HAVE_STRFTIME 1
| #define HAVE_FORK 1
| #define HAVE_VFORK 1
| #define HAVE_WORKING_VFORK 1
| #define HAVE_WORKING_FORK 1
| #define HAVE_VPRINTF 1
| /* end confdefs.h.  */
| /* Define _doprnt to an innocuous variant, in case <limits.h> declares _doprnt.
|    For example, HP-UX 11i <limits.h> declares gettimeofday.  */
| #define _doprnt innocuous__doprnt
| 
| /* System header to define __stub macros and hopefully few prototypes,
|     which can conflict with char _doprnt (); below.
|     Prefer <limits.h> to <assert.h> if __STDC__ is defined, since
|     <limits.h> exists even on freestanding compilers.  */
| 
| #ifdef __STDC__
| # include <limits.h>
| #else
| # include <assert.h>
| #endif
| 
| #undef _doprnt
| 
| /* Override any GCC internal prototype to avoid an error.
|    Use char because int might match the return type of a GCC
|    builtin and then its argument prototype would still apply.  */
| #ifdef __cplusplus
| extern "C"
| #endif
| char _doprnt ();
| /* The GNU C library defines this for functions which it implements
|     to always fail with ENOSYS.  Some functions are actually named
|     something starting with __ and the normal name is an alias.  */
| #if defined __stub__doprnt || defined __stub____doprnt
| choke me
| #endif
| 
| int
| main ()
| {
| return _doprnt ();
|   ;
|   return 0;
| }
configure:7143: result: no
configure:7158: checking for strdup
configure:7158: gcc -o conftest -I/usr/lib/emboss/include -I/usr/lib/emboss/include/epcre -I/usr/lib/emboss/include/eplplot  -fopenmp -O2  -DLENDIAN  conftest.c  >&5
conftest.c:56:6: warning: conflicting types for built-in function 'strdup' [enabled by default]
configure:7158: $? = 0
configure:7158: result: yes
configure:7158: checking for strstr
configure:7158: gcc -o conftest -I/usr/lib/emboss/include -I/usr/lib/emboss/include/epcre -I/usr/lib/emboss/include/eplplot  -fopenmp -O2  -DLENDIAN  conftest.c  >&5
conftest.c:57:6: warning: conflicting types for built-in function 'strstr' [enabled by default]
configure:7158: $? = 0
configure:7158: result: yes
configure:7158: checking for strchr
configure:7158: gcc -o conftest -I/usr/lib/emboss/include -I/usr/lib/emboss/include/epcre -I/usr/lib/emboss/include/eplplot  -fopenmp -O2  -DLENDIAN  conftest.c  >&5
conftest.c:58:6: warning: conflicting types for built-in function 'strchr' [enabled by default]
configure:7158: $? = 0
configure:7158: result: yes
configure:7158: checking for erand48
configure:7158: gcc -o conftest -I/usr/lib/emboss/include -I/usr/lib/emboss/include/epcre -I/usr/lib/emboss/include/eplplot  -fopenmp -O2  -DLENDIAN  conftest.c  >&5
configure:7158: $? = 0
configure:7158: result: yes
configure:7158: checking for memmove
configure:7158: gcc -o conftest -I/usr/lib/emboss/include -I/usr/lib/emboss/include/epcre -I/usr/lib/emboss/include/eplplot  -fopenmp -O2  -DLENDIAN  conftest.c  >&5
conftest.c:60:6: warning: conflicting types for built-in function 'memmove' [enabled by default]
configure:7158: $? = 0
configure:7158: result: yes
configure:7180: checking for gethostbyname in -lc
configure:7205: gcc -o conftest -I/usr/lib/emboss/include -I/usr/lib/emboss/include/epcre -I/usr/lib/emboss/include/eplplot  -fopenmp -O2  -DLENDIAN  conftest.c -lc   >&5
configure:7205: $? = 0
configure:7214: result: yes
configure:7222: checking for socket in -lc
configure:7247: gcc -o conftest -I/usr/lib/emboss/include -I/usr/lib/emboss/include/epcre -I/usr/lib/emboss/include/eplplot  -fopenmp -O2  -DLENDIAN  conftest.c -lc   >&5
configure:7247: $? = 0
configure:7256: result: yes
configure:7264: checking for main in -lm
configure:7283: gcc -o conftest -I/usr/lib/emboss/include -I/usr/lib/emboss/include/epcre -I/usr/lib/emboss/include/eplplot  -fopenmp -O2  -DLENDIAN  conftest.c -lm   >&5
configure:7283: $? = 0
configure:7292: result: yes
configure:7357: checking if docroot is given
configure:7369: result: no
configure:7378: checking if gcc profiling is selected
configure:7390: result: no
configure:7401: checking if java include directory given
configure:7472: result: no
configure:7488: checking if java OS include directory given
configure:7509: result: no
configure:7529: checking if png driver is wanted
configure:7544: result: yes
configure:7627: checking for inflateEnd in -lz
configure:7652: gcc -o conftest -I/usr/lib/emboss/include -I/usr/lib/emboss/include/epcre -I/usr/lib/emboss/include/eplplot  -fopenmp -O2  -DLENDIAN -I/usr/include  -L/usr/lib conftest.c -lz -L/usr/lib -lz -lm  >&5
configure:7652: $? = 0
configure:7661: result: yes
configure:7675: checking for png_destroy_read_struct in -lpng
configure:7700: gcc -o conftest -I/usr/lib/emboss/include -I/usr/lib/emboss/include/epcre -I/usr/lib/emboss/include/eplplot  -fopenmp -O2  -DLENDIAN -I/usr/include  -L/usr/lib conftest.c -lpng -L/usr/lib -lz -lm  >&5
configure:7700: $? = 0
configure:7709: result: yes
configure:7726: checking for gdImageCreateFromPng in -lgd
configure:7751: gcc -o conftest -I/usr/lib/emboss/include -I/usr/lib/emboss/include/epcre -I/usr/lib/emboss/include/eplplot  -fopenmp -O2  -DLENDIAN -I/usr/include  -L/usr/lib conftest.c -lgd -L/usr/lib -lgd -lpng -lz -lm -lm  >&5
/usr/bin/ld: cannot find -lgd
/usr/bin/ld: cannot find -lgd
collect2: error: ld returned 1 exit status
configure:7751: $? = 1
configure: failed program was:
| /* confdefs.h */
| #define PACKAGE_NAME ""
| #define PACKAGE_TARNAME ""
| #define PACKAGE_VERSION ""
| #define PACKAGE_STRING ""
| #define PACKAGE_BUGREPORT ""
| #define PACKAGE_URL ""
| #define PACKAGE "PARA2"
| #define VERSION "0.0.1"
| #define STDC_HEADERS 1
| #define HAVE_SYS_TYPES_H 1
| #define HAVE_SYS_STAT_H 1
| #define HAVE_STDLIB_H 1
| #define HAVE_STRING_H 1
| #define HAVE_MEMORY_H 1
| #define HAVE_STRINGS_H 1
| #define HAVE_INTTYPES_H 1
| #define HAVE_STDINT_H 1
| #define HAVE_UNISTD_H 1
| #define HAVE_ALLOCA_H 1
| #define HAVE_ALLOCA 1
| #define HAVE_DIRENT_H 1
| #define STDC_HEADERS 1
| #define HAVE_UNISTD_H 1
| #define GETPGRP_VOID 1
| #define HAVE_STRFTIME 1
| #define HAVE_FORK 1
| #define HAVE_VFORK 1
| #define HAVE_WORKING_VFORK 1
| #define HAVE_WORKING_FORK 1
| #define HAVE_VPRINTF 1
| #define HAVE_STRDUP 1
| #define HAVE_STRSTR 1
| #define HAVE_STRCHR 1
| #define HAVE_ERAND48 1
| #define HAVE_MEMMOVE 1
| #define HAVE_LIBM 1
| /* end confdefs.h.  */
| 
| /* Override any GCC internal prototype to avoid an error.
|    Use char because int might match the return type of a GCC
|    builtin and then its argument prototype would still apply.  */
| #ifdef __cplusplus
| extern "C"
| #endif
| char gdImageCreateFromPng ();
| int
| main ()
| {
| return gdImageCreateFromPng ();
|   ;
|   return 0;
| }
configure:7760: result: no
configure:7834: checking if any authorisation type is given
configure:7949: result: no
configure:7971: checking for gdome2
configure:7988: result: no
configure:7998: checking if Linux x86_64
configure:8005: result: yes
configure:8114: checking for large file support
configure:8149: result: done
configure:8166: checking for purify
configure:8180: result: no
configure:8281: checking if any threading type is given
configure:8346: result: no
configure:8564: creating ./config.status

## ---------------------- ##
## Running config.status. ##
## ---------------------- ##

This file was extended by config.status, which was
generated by GNU Autoconf 2.69.  Invocation command line was

  CONFIG_FILES    = 
  CONFIG_HEADERS  = 
  CONFIG_LINKS    = 
  CONFIG_COMMANDS = 
  $ ./config.status 

on alientop

config.status:825: creating Makefile
config.status:825: creating source/Makefile
config.status:825: creating emboss_acd/Makefile
config.status:825: creating emboss_doc/Makefile
config.status:825: creating emboss_doc/html/Makefile
config.status:825: creating emboss_doc/text/Makefile
config.status:997: executing depfiles commands

## ---------------- ##
## Cache variables. ##
## ---------------- ##

ac_cv_c_bigendian=no
ac_cv_c_compiler_gnu=yes
ac_cv_c_const=yes
ac_cv_cxx_compiler_gnu=yes
ac_cv_env_CCC_set=
ac_cv_env_CCC_value=
ac_cv_env_CC_set=
ac_cv_env_CC_value=
ac_cv_env_CFLAGS_set=set
ac_cv_env_CFLAGS_value='-I/usr/lib/emboss/include -I/usr/lib/emboss/include/epcre -I/usr/lib/emboss/include/eplplot'
ac_cv_env_CPPFLAGS_set=
ac_cv_env_CPPFLAGS_value=
ac_cv_env_CPP_set=
ac_cv_env_CPP_value=
ac_cv_env_CXXFLAGS_set=
ac_cv_env_CXXFLAGS_value=
ac_cv_env_CXX_set=
ac_cv_env_CXX_value=
ac_cv_env_LDFLAGS_set=
ac_cv_env_LDFLAGS_value=
ac_cv_env_LIBS_set=
ac_cv_env_LIBS_value=
ac_cv_env_XMKMF_set=
ac_cv_env_XMKMF_value=
ac_cv_env_build_alias_set=
ac_cv_env_build_alias_value=
ac_cv_env_host_alias_set=
ac_cv_env_host_alias_value=
ac_cv_env_target_alias_set=
ac_cv_env_target_alias_value=
ac_cv_func__doprnt=no
ac_cv_func_alloca_works=yes
ac_cv_func_connect=yes
ac_cv_func_erand48=yes
ac_cv_func_fork=yes
ac_cv_func_fork_works=yes
ac_cv_func_gethostbyname=yes
ac_cv_func_getpgrp_void=yes
ac_cv_func_memmove=yes
ac_cv_func_remove=yes
ac_cv_func_shmat=yes
ac_cv_func_strchr=yes
ac_cv_func_strdup=yes
ac_cv_func_strftime=yes
ac_cv_func_strstr=yes
ac_cv_func_vfork=yes
ac_cv_func_vfork_works=yes
ac_cv_func_vprintf=yes
ac_cv_have_x='have_x=yes	ac_x_includes='\'''\''	ac_x_libraries='\'''\'''
ac_cv_header_dirent_dirent_h=yes
ac_cv_header_inttypes_h=yes
ac_cv_header_memory_h=yes
ac_cv_header_stdc=yes
ac_cv_header_stdint_h=yes
ac_cv_header_stdlib_h=yes
ac_cv_header_string_h=yes
ac_cv_header_strings_h=yes
ac_cv_header_sys_stat_h=yes
ac_cv_header_sys_types_h=yes
ac_cv_header_unistd_h=yes
ac_cv_header_vfork_h=no
ac_cv_lib_ICE_IceConnectionNumber=yes
ac_cv_lib_c_gethostbyname=yes
ac_cv_lib_c_socket=yes
ac_cv_lib_gd_gdImageCreateFromPng=no
ac_cv_lib_m_main=yes
ac_cv_lib_png_png_destroy_read_struct=yes
ac_cv_lib_z_inflateEnd=yes
ac_cv_objext=o
ac_cv_path_EGREP='/bin/grep -E'
ac_cv_path_GREP=/bin/grep
ac_cv_path_install='/usr/bin/install -c'
ac_cv_path_mkdir=/bin/mkdir
ac_cv_prog_AWK=gawk
ac_cv_prog_CPP='gcc -E'
ac_cv_prog_ac_ct_CC=gcc
ac_cv_prog_ac_ct_CXX=g++
ac_cv_prog_ac_ct_RANLIB=ranlib
ac_cv_prog_cc_c89=
ac_cv_prog_cc_g=yes
ac_cv_prog_cxx_g=yes
ac_cv_prog_make_make_set=yes
ac_cv_search_opendir='none required'
ac_cv_struct_tm=time.h
ac_cv_type_pid_t=yes
ac_cv_type_size_t=yes
ac_cv_working_alloca_h=yes
am_cv_CC_dependencies_compiler_type=gcc3
am_cv_CXX_dependencies_compiler_type=gcc3

## ----------------- ##
## Output variables. ##
## ----------------- ##

ACLOCAL='${SHELL} /home/brandon/polyalign/missing --run aclocal-1.11'
AJAX_FIXED_ROOT='\"/home/brandon/polyalign/emboss\"'
ALLOCA=''
AMDEPBACKSLASH='\'
AMDEP_FALSE='#'
AMDEP_TRUE=''
AMPNG_FALSE=''
AMPNG_TRUE='#'
AMTAR='$${TAR-tar}'
AUTOCONF='${SHELL} /home/brandon/polyalign/missing --run autoconf'
AUTOHEADER='${SHELL} /home/brandon/polyalign/missing --run autoheader'
AUTOMAKE='${SHELL} /home/brandon/polyalign/missing --run automake-1.11'
AWK='gawk'
CC='gcc'
CCDEPMODE='depmode=gcc3'
CFLAGS='-I/usr/lib/emboss/include -I/usr/lib/emboss/include/epcre -I/usr/lib/emboss/include/eplplot  -fopenmp -O2 -D__amd64__'
CPP='gcc -E'
CPPFLAGS='-DAJ_LinuxLF -D_FILE_OFFSET_BITS=64 -D_LARGEFILE_SOURCE -D_LARGEFILE64_SOURCE  -DLENDIAN -DNO_AUTH'
CXX='g++'
CXXDEPMODE='depmode=gcc3'
CXXFLAGS='-I/usr/lib/emboss/include -I/usr/lib/emboss/include/epcre -I/usr/lib/emboss/include/eplplot  -fopenmp -O2 -D__amd64__'
CYGPATH_W='echo'
DEFS='-DPACKAGE_NAME=\"\" -DPACKAGE_TARNAME=\"\" -DPACKAGE_VERSION=\"\" -DPACKAGE_STRING=\"\" -DPACKAGE_BUGREPORT=\"\" -DPACKAGE_URL=\"\" -DPACKAGE=\"PARA2\" -DVERSION=\"0.0.1\" -DSTDC_HEADERS=1 -DHAVE_SYS_TYPES_H=1 -DHAVE_SYS_STAT_H=1 -DHAVE_STDLIB_H=1 -DHAVE_STRING_H=1 -DHAVE_MEMORY_H=1 -DHAVE_STRINGS_H=1 -DHAVE_INTTYPES_H=1 -DHAVE_STDINT_H=1 -DHAVE_UNISTD_H=1 -DHAVE_ALLOCA_H=1 -DHAVE_ALLOCA=1 -DHAVE_DIRENT_H=1 -DSTDC_HEADERS=1 -DHAVE_UNISTD_H=1 -DGETPGRP_VOID=1 -DHAVE_STRFTIME=1 -DHAVE_FORK=1 -DHAVE_VFORK=1 -DHAVE_WORKING_VFORK=1 -DHAVE_WORKING_FORK=1 -DHAVE_VPRINTF=1 -DHAVE_STRDUP=1 -DHAVE_STRSTR=1 -DHAVE_STRCHR=1 -DHAVE_ERAND48=1 -DHAVE_MEMMOVE=1 -DHAVE_LIBM=1'
DEPDIR='.deps'
ECHO_C=''
ECHO_N='-n'
ECHO_T=''
EGREP='/bin/grep -E'
EMBOSS_TOP='/home/brandon/polyalign'
EXEEXT=''
GREP='/bin/grep'
HAVE_MEMMOVE=''
HAVE_STRERROR=''
INSTALL_DATA='${INSTALL} -m 644'
INSTALL_PROGRAM='${INSTALL}'
INSTALL_SCRIPT='${INSTALL}'
INSTALL_STRIP_PROGRAM='$(install_sh) -c -s'
ISAIXIA64=''
ISAIXIA64_FALSE=''
ISAIXIA64_TRUE='#'
ISCYGWIN=''
ISCYGWIN_FALSE=''
ISCYGWIN_TRUE='#'
ISSHARED_FALSE=''
ISSHARED_TRUE='#'
JAVA_OK=''
LDFLAGS=''
LIBOBJS=''
LIBS='-lm '
LN_S='ln -s'
LOCALLINK_FALSE='#'
LOCALLINK_TRUE=''
LTLIBOBJS=''
MAKEINFO='${SHELL} /home/brandon/polyalign/missing --run makeinfo'
MKDIR_P='/bin/mkdir -p'
NEEDAJAX=''
NEEDAJAX_FALSE=''
NEEDAJAX_TRUE='#'
OBJEXT='o'
PACKAGE='PARA2'
PACKAGE_BUGREPORT=''
PACKAGE_NAME=''
PACKAGE_STRING=''
PACKAGE_TARNAME=''
PACKAGE_URL=''
PACKAGE_VERSION=''
PATH_SEPARATOR=':'
PCRE_DATE='21-May-2003'
PCRE_LIB_VERSION='0:1:0'
PCRE_MAJOR='4'
PCRE_MINOR='3'
PCRE_POSIXLIB_VERSION='0:0:0'
PCRE_VERSION='4.3'
POSIX_MALLOC_THRESHOLD='-DPOSIX_MALLOC_THRESHOLD=10'
PURIFY_FALSE=''
PURIFY_TRUE='#'
RANLIB='ranlib'
SET_MAKE=''
SHELL='/bin/bash'
STRIP=''
VERSION='0.0.1'
XLIB=' -lX11 '
XMKMF=''
X_CFLAGS=''
X_EXTRA_LIBS=''
X_LIBS=''
X_PRE_LIBS=' -lSM -lICE'
ac_ct_CC='gcc'
ac_ct_CXX='g++'
am__EXEEXT_FALSE=''
am__EXEEXT_TRUE='#'
am__fastdepCC_FALSE='#'
am__fastdepCC_TRUE=''
am__fastdepCXX_FALSE='#'
am__fastdepCXX_TRUE=''
am__include='include'
am__isrc=''
am__leading_dot='.'
am__nodep='_no'
am__quote=''
am__tar='$${TAR-tar} chof - "$$tardir"'
am__untar='$${TAR-tar} xf -'
bindir='${exec_prefix}/bin'
build_alias=''
datadir='${datarootdir}'
datarootdir='${prefix}/share'
docdir='${datarootdir}/doc/${PACKAGE}'
dvidir='${docdir}'
embprefix='/usr/local'
exec_prefix='${prefix}'
havejavac=''
host_alias=''
htmldir='${docdir}'
includedir='${prefix}/include'
infodir='${datarootdir}/info'
install_sh='${SHELL} /home/brandon/polyalign/install-sh'
libdir='${exec_prefix}/lib'
libexecdir='${exec_prefix}/libexec'
localedir='${datarootdir}/locale'
localstatedir='${prefix}/var'
mandir='${datarootdir}/man'
mkdir_p='/bin/mkdir -p'
oldincludedir='/usr/include'
pdfdir='${docdir}'
prefix='/usr/local'
program_transform_name='s,x,x,'
psdir='${docdir}'
sbindir='${exec_prefix}/sbin'
sharedstatedir='${prefix}/com'
sysconfdir='${prefix}/etc'
target_alias=''

## ----------- ##
## confdefs.h. ##
## ----------- ##

/* confdefs.h */
#define PACKAGE_NAME ""
#define PACKAGE_TARNAME ""
#define PACKAGE_VERSION ""
#define PACKAGE_STRING ""
#define PACKAGE_BUGREPORT ""
#define PACKAGE_URL ""
#define PACKAGE "PARA2"
#define VERSION "0.0.1"
#define STDC_HEADERS 1
#define HAVE_SYS_TYPES_H 1
#define HAVE_SYS_STAT_H 1
#define HAVE_STDLIB_H 1
#define HAVE_STRING_H 1
#define HAVE_MEMORY_H 1
#define HAVE_STRINGS_H 1
#define HAVE_INTTYPES_H 1
#define HAVE_STDINT_H 1
#define HAVE_UNISTD_H 1
#define HAVE_ALLOCA_H 1
#define HAVE_ALLOCA 1
#define HAVE_DIRENT_H 1
#define STDC_HEADERS 1
#define HAVE_UNISTD_H 1
#define GETPGRP_VOID 1
#define HAVE_STRFTIME 1
#define HAVE_FORK 1
#define HAVE_VFORK 1
#define HAVE_WORKING_VFORK 1
#define HAVE_WORKING_FORK 1
#define HAVE_VPRINTF 1
#define HAVE_STRDUP 1
#define HAVE_STRSTR 1
#define HAVE_STRCHR 1
#define HAVE_ERAND48 1
#define HAVE_MEMMOVE 1
#define HAVE_LIBM 1

configure: exit 0
